<?xml version="1.0" encoding="UTF-8"?>
<testsuite xmlns:xsi="http://www.w3.org/2001/XMLSchema-instance" xsi:noNamespaceSchemaLocation="https://maven.apache.org/surefire/maven-surefire-plugin/xsd/surefire-test-report-3.0.xsd" version="3.0" name="com.walmart.wishlist.WishlistApplicationTests" time="8.147" tests="1" errors="0" skipped="0" failures="0">
  <properties>
    <property name="java.specification.version" value="17"/>
    <property name="sun.cpu.isalist" value="amd64"/>
    <property name="sun.jnu.encoding" value="Cp1252"/>
    <property name="java.class.path" value="C:\Users\a0p09kj\Downloads\Wishlist\wishlist\target\test-classes;C:\Users\a0p09kj\Downloads\Wishlist\wishlist\target\classes;C:\Users\a0p09kj\.m2\repository\org\springframework\boot\spring-boot-starter-actuator\3.2.0\spring-boot-starter-actuator-3.2.0.jar;C:\Users\a0p09kj\.m2\repository\org\springframework\boot\spring-boot-starter\3.2.0\spring-boot-starter-3.2.0.jar;C:\Users\a0p09kj\.m2\repository\org\springframework\boot\spring-boot-starter-logging\3.2.0\spring-boot-starter-logging-3.2.0.jar;C:\Users\a0p09kj\.m2\repository\ch\qos\logback\logback-classic\1.4.11\logback-classic-1.4.11.jar;C:\Users\a0p09kj\.m2\repository\ch\qos\logback\logback-core\1.4.11\logback-core-1.4.11.jar;C:\Users\a0p09kj\.m2\repository\org\apache\logging\log4j\log4j-to-slf4j\2.21.1\log4j-to-slf4j-2.21.1.jar;C:\Users\a0p09kj\.m2\repository\org\apache\logging\log4j\log4j-api\2.21.1\log4j-api-2.21.1.jar;C:\Users\a0p09kj\.m2\repository\org\slf4j\jul-to-slf4j\2.0.9\jul-to-slf4j-2.0.9.jar;C:\Users\a0p09kj\.m2\repository\jakarta\annotation\jakarta.annotation-api\2.1.1\jakarta.annotation-api-2.1.1.jar;C:\Users\a0p09kj\.m2\repository\org\yaml\snakeyaml\2.2\snakeyaml-2.2.jar;C:\Users\a0p09kj\.m2\repository\org\springframework\boot\spring-boot-actuator-autoconfigure\3.2.0\spring-boot-actuator-autoconfigure-3.2.0.jar;C:\Users\a0p09kj\.m2\repository\org\springframework\boot\spring-boot-actuator\3.2.0\spring-boot-actuator-3.2.0.jar;C:\Users\a0p09kj\.m2\repository\com\fasterxml\jackson\core\jackson-databind\2.15.3\jackson-databind-2.15.3.jar;C:\Users\a0p09kj\.m2\repository\com\fasterxml\jackson\core\jackson-annotations\2.15.3\jackson-annotations-2.15.3.jar;C:\Users\a0p09kj\.m2\repository\com\fasterxml\jackson\core\jackson-core\2.15.3\jackson-core-2.15.3.jar;C:\Users\a0p09kj\.m2\repository\com\fasterxml\jackson\datatype\jackson-datatype-jsr310\2.15.3\jackson-datatype-jsr310-2.15.3.jar;C:\Users\a0p09kj\.m2\repository\io\micrometer\micrometer-observation\1.12.0\micrometer-observation-1.12.0.jar;C:\Users\a0p09kj\.m2\repository\io\micrometer\micrometer-commons\1.12.0\micrometer-commons-1.12.0.jar;C:\Users\a0p09kj\.m2\repository\io\micrometer\micrometer-jakarta9\1.12.0\micrometer-jakarta9-1.12.0.jar;C:\Users\a0p09kj\.m2\repository\io\micrometer\micrometer-core\1.12.0\micrometer-core-1.12.0.jar;C:\Users\a0p09kj\.m2\repository\org\hdrhistogram\HdrHistogram\2.1.12\HdrHistogram-2.1.12.jar;C:\Users\a0p09kj\.m2\repository\org\latencyutils\LatencyUtils\2.0.3\LatencyUtils-2.0.3.jar;C:\Users\a0p09kj\.m2\repository\org\springframework\boot\spring-boot-starter-data-mongodb\3.2.0\spring-boot-starter-data-mongodb-3.2.0.jar;C:\Users\a0p09kj\.m2\repository\org\mongodb\mongodb-driver-sync\4.11.1\mongodb-driver-sync-4.11.1.jar;C:\Users\a0p09kj\.m2\repository\org\mongodb\bson\4.11.1\bson-4.11.1.jar;C:\Users\a0p09kj\.m2\repository\org\mongodb\mongodb-driver-core\4.11.1\mongodb-driver-core-4.11.1.jar;C:\Users\a0p09kj\.m2\repository\org\mongodb\bson-record-codec\4.11.1\bson-record-codec-4.11.1.jar;C:\Users\a0p09kj\.m2\repository\org\springframework\data\spring-data-mongodb\4.2.0\spring-data-mongodb-4.2.0.jar;C:\Users\a0p09kj\.m2\repository\org\springframework\spring-tx\6.1.1\spring-tx-6.1.1.jar;C:\Users\a0p09kj\.m2\repository\org\springframework\spring-context\6.1.1\spring-context-6.1.1.jar;C:\Users\a0p09kj\.m2\repository\org\springframework\spring-beans\6.1.1\spring-beans-6.1.1.jar;C:\Users\a0p09kj\.m2\repository\org\springframework\spring-expression\6.1.1\spring-expression-6.1.1.jar;C:\Users\a0p09kj\.m2\repository\org\springframework\data\spring-data-commons\3.2.0\spring-data-commons-3.2.0.jar;C:\Users\a0p09kj\.m2\repository\org\springframework\boot\spring-boot-starter-web\3.2.0\spring-boot-starter-web-3.2.0.jar;C:\Users\a0p09kj\.m2\repository\org\springframework\boot\spring-boot-starter-json\3.2.0\spring-boot-starter-json-3.2.0.jar;C:\Users\a0p09kj\.m2\repository\com\fasterxml\jackson\datatype\jackson-datatype-jdk8\2.15.3\jackson-datatype-jdk8-2.15.3.jar;C:\Users\a0p09kj\.m2\repository\com\fasterxml\jackson\module\jackson-module-parameter-names\2.15.3\jackson-module-parameter-names-2.15.3.jar;C:\Users\a0p09kj\.m2\repository\org\springframework\spring-web\6.1.1\spring-web-6.1.1.jar;C:\Users\a0p09kj\.m2\repository\org\springframework\spring-webmvc\6.1.1\spring-webmvc-6.1.1.jar;C:\Users\a0p09kj\.m2\repository\org\springframework\spring-aop\6.1.1\spring-aop-6.1.1.jar;C:\Users\a0p09kj\.m2\repository\org\springframework\boot\spring-boot-starter-undertow\3.2.0\spring-boot-starter-undertow-3.2.0.jar;C:\Users\a0p09kj\.m2\repository\io\undertow\undertow-core\2.3.10.Final\undertow-core-2.3.10.Final.jar;C:\Users\a0p09kj\.m2\repository\org\jboss\logging\jboss-logging\3.5.3.Final\jboss-logging-3.5.3.Final.jar;C:\Users\a0p09kj\.m2\repository\org\jboss\xnio\xnio-api\3.8.8.Final\xnio-api-3.8.8.Final.jar;C:\Users\a0p09kj\.m2\repository\org\wildfly\common\wildfly-common\1.5.4.Final\wildfly-common-1.5.4.Final.jar;C:\Users\a0p09kj\.m2\repository\org\wildfly\client\wildfly-client-config\1.0.1.Final\wildfly-client-config-1.0.1.Final.jar;C:\Users\a0p09kj\.m2\repository\org\jboss\xnio\xnio-nio\3.8.8.Final\xnio-nio-3.8.8.Final.jar;C:\Users\a0p09kj\.m2\repository\org\jboss\threads\jboss-threads\3.5.0.Final\jboss-threads-3.5.0.Final.jar;C:\Users\a0p09kj\.m2\repository\io\undertow\undertow-servlet\2.3.10.Final\undertow-servlet-2.3.10.Final.jar;C:\Users\a0p09kj\.m2\repository\jakarta\servlet\jakarta.servlet-api\6.0.0\jakarta.servlet-api-6.0.0.jar;C:\Users\a0p09kj\.m2\repository\io\undertow\undertow-websockets-jsr\2.3.10.Final\undertow-websockets-jsr-2.3.10.Final.jar;C:\Users\a0p09kj\.m2\repository\jakarta\websocket\jakarta.websocket-api\2.1.1\jakarta.websocket-api-2.1.1.jar;C:\Users\a0p09kj\.m2\repository\jakarta\websocket\jakarta.websocket-client-api\2.1.1\jakarta.websocket-client-api-2.1.1.jar;C:\Users\a0p09kj\.m2\repository\org\apache\tomcat\embed\tomcat-embed-el\10.1.16\tomcat-embed-el-10.1.16.jar;C:\Users\a0p09kj\.m2\repository\org\springframework\boot\spring-boot-devtools\3.2.0\spring-boot-devtools-3.2.0.jar;C:\Users\a0p09kj\.m2\repository\org\springframework\boot\spring-boot\3.2.0\spring-boot-3.2.0.jar;C:\Users\a0p09kj\.m2\repository\org\springframework\boot\spring-boot-autoconfigure\3.2.0\spring-boot-autoconfigure-3.2.0.jar;C:\Users\a0p09kj\.m2\repository\org\projectlombok\lombok\1.18.22\lombok-1.18.22.jar;C:\Users\a0p09kj\.m2\repository\org\apache\commons\commons-lang3\3.13.0\commons-lang3-3.13.0.jar;C:\Users\a0p09kj\.m2\repository\de\flapdoodle\embed\de.flapdoodle.embed.mongo\3.4.3\de.flapdoodle.embed.mongo-3.4.3.jar;C:\Users\a0p09kj\.m2\repository\de\flapdoodle\embed\de.flapdoodle.embed.process\3.1.7\de.flapdoodle.embed.process-3.1.7.jar;C:\Users\a0p09kj\.m2\repository\de\flapdoodle\de.flapdoodle.os\1.1.5\de.flapdoodle.os-1.1.5.jar;C:\Users\a0p09kj\.m2\repository\org\apache\commons\commons-compress\1.21\commons-compress-1.21.jar;C:\Users\a0p09kj\.m2\repository\net\java\dev\jna\jna\5.10.0\jna-5.10.0.jar;C:\Users\a0p09kj\.m2\repository\net\java\dev\jna\jna-platform\5.10.0\jna-platform-5.10.0.jar;C:\Users\a0p09kj\.m2\repository\de\flapdoodle\embed\de.flapdoodle.embed.mongo.packageresolver\1.0.1\de.flapdoodle.embed.mongo.packageresolver-1.0.1.jar;C:\Users\a0p09kj\.m2\repository\junit\junit\4.12\junit-4.12.jar;C:\Users\a0p09kj\.m2\repository\org\hamcrest\hamcrest-core\2.2\hamcrest-core-2.2.jar;C:\Users\a0p09kj\.m2\repository\cz\jirutka\spring\embedmongo-spring\1.3.1\embedmongo-spring-1.3.1.jar;C:\Users\a0p09kj\.m2\repository\org\mongodb\mongo-java-driver\2.13.0\mongo-java-driver-2.13.0.jar;C:\Users\a0p09kj\.m2\repository\org\slf4j\slf4j-api\2.0.9\slf4j-api-2.0.9.jar;C:\Users\a0p09kj\.m2\repository\org\springframework\boot\spring-boot-starter-test\3.2.0\spring-boot-starter-test-3.2.0.jar;C:\Users\a0p09kj\.m2\repository\org\springframework\boot\spring-boot-test\3.2.0\spring-boot-test-3.2.0.jar;C:\Users\a0p09kj\.m2\repository\org\springframework\boot\spring-boot-test-autoconfigure\3.2.0\spring-boot-test-autoconfigure-3.2.0.jar;C:\Users\a0p09kj\.m2\repository\com\jayway\jsonpath\json-path\2.8.0\json-path-2.8.0.jar;C:\Users\a0p09kj\.m2\repository\jakarta\xml\bind\jakarta.xml.bind-api\4.0.1\jakarta.xml.bind-api-4.0.1.jar;C:\Users\a0p09kj\.m2\repository\jakarta\activation\jakarta.activation-api\2.1.2\jakarta.activation-api-2.1.2.jar;C:\Users\a0p09kj\.m2\repository\net\minidev\json-smart\2.5.0\json-smart-2.5.0.jar;C:\Users\a0p09kj\.m2\repository\net\minidev\accessors-smart\2.5.0\accessors-smart-2.5.0.jar;C:\Users\a0p09kj\.m2\repository\org\ow2\asm\asm\9.3\asm-9.3.jar;C:\Users\a0p09kj\.m2\repository\org\assertj\assertj-core\3.24.2\assertj-core-3.24.2.jar;C:\Users\a0p09kj\.m2\repository\net\bytebuddy\byte-buddy\1.14.10\byte-buddy-1.14.10.jar;C:\Users\a0p09kj\.m2\repository\org\awaitility\awaitility\4.2.0\awaitility-4.2.0.jar;C:\Users\a0p09kj\.m2\repository\org\hamcrest\hamcrest\2.2\hamcrest-2.2.jar;C:\Users\a0p09kj\.m2\repository\org\junit\jupiter\junit-jupiter\5.10.1\junit-jupiter-5.10.1.jar;C:\Users\a0p09kj\.m2\repository\org\junit\jupiter\junit-jupiter-api\5.10.1\junit-jupiter-api-5.10.1.jar;C:\Users\a0p09kj\.m2\repository\org\opentest4j\opentest4j\1.3.0\opentest4j-1.3.0.jar;C:\Users\a0p09kj\.m2\repository\org\junit\platform\junit-platform-commons\1.10.1\junit-platform-commons-1.10.1.jar;C:\Users\a0p09kj\.m2\repository\org\apiguardian\apiguardian-api\1.1.2\apiguardian-api-1.1.2.jar;C:\Users\a0p09kj\.m2\repository\org\junit\jupiter\junit-jupiter-params\5.10.1\junit-jupiter-params-5.10.1.jar;C:\Users\a0p09kj\.m2\repository\org\junit\jupiter\junit-jupiter-engine\5.10.1\junit-jupiter-engine-5.10.1.jar;C:\Users\a0p09kj\.m2\repository\org\junit\platform\junit-platform-engine\1.10.1\junit-platform-engine-1.10.1.jar;C:\Users\a0p09kj\.m2\repository\org\mockito\mockito-core\5.7.0\mockito-core-5.7.0.jar;C:\Users\a0p09kj\.m2\repository\net\bytebuddy\byte-buddy-agent\1.14.10\byte-buddy-agent-1.14.10.jar;C:\Users\a0p09kj\.m2\repository\org\objenesis\objenesis\3.3\objenesis-3.3.jar;C:\Users\a0p09kj\.m2\repository\org\mockito\mockito-junit-jupiter\5.7.0\mockito-junit-jupiter-5.7.0.jar;C:\Users\a0p09kj\.m2\repository\org\skyscreamer\jsonassert\1.5.1\jsonassert-1.5.1.jar;C:\Users\a0p09kj\.m2\repository\com\vaadin\external\google\android-json\0.0.20131108.vaadin1\android-json-0.0.20131108.vaadin1.jar;C:\Users\a0p09kj\.m2\repository\org\springframework\spring-core\6.1.1\spring-core-6.1.1.jar;C:\Users\a0p09kj\.m2\repository\org\springframework\spring-jcl\6.1.1\spring-jcl-6.1.1.jar;C:\Users\a0p09kj\.m2\repository\org\springframework\spring-test\6.1.1\spring-test-6.1.1.jar;C:\Users\a0p09kj\.m2\repository\org\xmlunit\xmlunit-core\2.9.1\xmlunit-core-2.9.1.jar;C:\Users\a0p09kj\.m2\repository\org\sonarsource\scanner\maven\sonar-maven-plugin\3.10.0.2594\sonar-maven-plugin-3.10.0.2594.jar;C:\Users\a0p09kj\.m2\repository\org\codehaus\plexus\plexus-sec-dispatcher\2.0\plexus-sec-dispatcher-2.0.jar;C:\Users\a0p09kj\.m2\repository\org\codehaus\plexus\plexus-utils\3.4.1\plexus-utils-3.4.1.jar;C:\Users\a0p09kj\.m2\repository\org\codehaus\plexus\plexus-cipher\2.0\plexus-cipher-2.0.jar;C:\Users\a0p09kj\.m2\repository\javax\inject\javax.inject\1\javax.inject-1.jar;C:\Users\a0p09kj\.m2\repository\org\sonarsource\scanner\api\sonar-scanner-api\2.16.3.1081\sonar-scanner-api-2.16.3.1081.jar;C:\Users\a0p09kj\.m2\repository\commons-lang\commons-lang\2.6\commons-lang-2.6.jar;C:\Users\a0p09kj\.m2\repository\org\springdoc\springdoc-openapi-starter-webmvc-ui\2.2.0\springdoc-openapi-starter-webmvc-ui-2.2.0.jar;C:\Users\a0p09kj\.m2\repository\org\springdoc\springdoc-openapi-starter-webmvc-api\2.2.0\springdoc-openapi-starter-webmvc-api-2.2.0.jar;C:\Users\a0p09kj\.m2\repository\org\springdoc\springdoc-openapi-starter-common\2.2.0\springdoc-openapi-starter-common-2.2.0.jar;C:\Users\a0p09kj\.m2\repository\io\swagger\core\v3\swagger-core-jakarta\2.2.15\swagger-core-jakarta-2.2.15.jar;C:\Users\a0p09kj\.m2\repository\io\swagger\core\v3\swagger-annotations-jakarta\2.2.15\swagger-annotations-jakarta-2.2.15.jar;C:\Users\a0p09kj\.m2\repository\io\swagger\core\v3\swagger-models-jakarta\2.2.15\swagger-models-jakarta-2.2.15.jar;C:\Users\a0p09kj\.m2\repository\jakarta\validation\jakarta.validation-api\3.0.2\jakarta.validation-api-3.0.2.jar;C:\Users\a0p09kj\.m2\repository\com\fasterxml\jackson\dataformat\jackson-dataformat-yaml\2.15.3\jackson-dataformat-yaml-2.15.3.jar;C:\Users\a0p09kj\.m2\repository\org\webjars\swagger-ui\5.2.0\swagger-ui-5.2.0.jar;"/>
    <property name="java.vm.vendor" value="Oracle Corporation"/>
    <property name="sun.arch.data.model" value="64"/>
    <property name="user.variant" value=""/>
    <property name="java.vendor.url" value="https://java.oracle.com/"/>
    <property name="user.timezone" value="Asia/Calcutta"/>
    <property name="org.jboss.logging.provider" value="slf4j"/>
    <property name="os.name" value="Windows 11"/>
    <property name="java.vm.specification.version" value="17"/>
    <property name="sun.java.launcher" value="SUN_STANDARD"/>
    <property name="user.country" value="US"/>
    <property name="sun.boot.library.path" value="C:\Program Files\Java\jdk-17\bin"/>
    <property name="sun.java.command" value="C:\Users\a0p09kj\AppData\Local\Temp\surefire3049258665687148325\surefirebooter-20231130105411697_3.jar C:\Users\a0p09kj\AppData\Local\Temp\surefire3049258665687148325 2023-11-30T10-54-11_356-jvmRun1 surefire-20231130105411697_1tmp surefire_0-20231130105411697_2tmp"/>
    <property name="jdk.debug" value="release"/>
    <property name="surefire.test.class.path" value="C:\Users\a0p09kj\Downloads\Wishlist\wishlist\target\test-classes;C:\Users\a0p09kj\Downloads\Wishlist\wishlist\target\classes;C:\Users\a0p09kj\.m2\repository\org\springframework\boot\spring-boot-starter-actuator\3.2.0\spring-boot-starter-actuator-3.2.0.jar;C:\Users\a0p09kj\.m2\repository\org\springframework\boot\spring-boot-starter\3.2.0\spring-boot-starter-3.2.0.jar;C:\Users\a0p09kj\.m2\repository\org\springframework\boot\spring-boot-starter-logging\3.2.0\spring-boot-starter-logging-3.2.0.jar;C:\Users\a0p09kj\.m2\repository\ch\qos\logback\logback-classic\1.4.11\logback-classic-1.4.11.jar;C:\Users\a0p09kj\.m2\repository\ch\qos\logback\logback-core\1.4.11\logback-core-1.4.11.jar;C:\Users\a0p09kj\.m2\repository\org\apache\logging\log4j\log4j-to-slf4j\2.21.1\log4j-to-slf4j-2.21.1.jar;C:\Users\a0p09kj\.m2\repository\org\apache\logging\log4j\log4j-api\2.21.1\log4j-api-2.21.1.jar;C:\Users\a0p09kj\.m2\repository\org\slf4j\jul-to-slf4j\2.0.9\jul-to-slf4j-2.0.9.jar;C:\Users\a0p09kj\.m2\repository\jakarta\annotation\jakarta.annotation-api\2.1.1\jakarta.annotation-api-2.1.1.jar;C:\Users\a0p09kj\.m2\repository\org\yaml\snakeyaml\2.2\snakeyaml-2.2.jar;C:\Users\a0p09kj\.m2\repository\org\springframework\boot\spring-boot-actuator-autoconfigure\3.2.0\spring-boot-actuator-autoconfigure-3.2.0.jar;C:\Users\a0p09kj\.m2\repository\org\springframework\boot\spring-boot-actuator\3.2.0\spring-boot-actuator-3.2.0.jar;C:\Users\a0p09kj\.m2\repository\com\fasterxml\jackson\core\jackson-databind\2.15.3\jackson-databind-2.15.3.jar;C:\Users\a0p09kj\.m2\repository\com\fasterxml\jackson\core\jackson-annotations\2.15.3\jackson-annotations-2.15.3.jar;C:\Users\a0p09kj\.m2\repository\com\fasterxml\jackson\core\jackson-core\2.15.3\jackson-core-2.15.3.jar;C:\Users\a0p09kj\.m2\repository\com\fasterxml\jackson\datatype\jackson-datatype-jsr310\2.15.3\jackson-datatype-jsr310-2.15.3.jar;C:\Users\a0p09kj\.m2\repository\io\micrometer\micrometer-observation\1.12.0\micrometer-observation-1.12.0.jar;C:\Users\a0p09kj\.m2\repository\io\micrometer\micrometer-commons\1.12.0\micrometer-commons-1.12.0.jar;C:\Users\a0p09kj\.m2\repository\io\micrometer\micrometer-jakarta9\1.12.0\micrometer-jakarta9-1.12.0.jar;C:\Users\a0p09kj\.m2\repository\io\micrometer\micrometer-core\1.12.0\micrometer-core-1.12.0.jar;C:\Users\a0p09kj\.m2\repository\org\hdrhistogram\HdrHistogram\2.1.12\HdrHistogram-2.1.12.jar;C:\Users\a0p09kj\.m2\repository\org\latencyutils\LatencyUtils\2.0.3\LatencyUtils-2.0.3.jar;C:\Users\a0p09kj\.m2\repository\org\springframework\boot\spring-boot-starter-data-mongodb\3.2.0\spring-boot-starter-data-mongodb-3.2.0.jar;C:\Users\a0p09kj\.m2\repository\org\mongodb\mongodb-driver-sync\4.11.1\mongodb-driver-sync-4.11.1.jar;C:\Users\a0p09kj\.m2\repository\org\mongodb\bson\4.11.1\bson-4.11.1.jar;C:\Users\a0p09kj\.m2\repository\org\mongodb\mongodb-driver-core\4.11.1\mongodb-driver-core-4.11.1.jar;C:\Users\a0p09kj\.m2\repository\org\mongodb\bson-record-codec\4.11.1\bson-record-codec-4.11.1.jar;C:\Users\a0p09kj\.m2\repository\org\springframework\data\spring-data-mongodb\4.2.0\spring-data-mongodb-4.2.0.jar;C:\Users\a0p09kj\.m2\repository\org\springframework\spring-tx\6.1.1\spring-tx-6.1.1.jar;C:\Users\a0p09kj\.m2\repository\org\springframework\spring-context\6.1.1\spring-context-6.1.1.jar;C:\Users\a0p09kj\.m2\repository\org\springframework\spring-beans\6.1.1\spring-beans-6.1.1.jar;C:\Users\a0p09kj\.m2\repository\org\springframework\spring-expression\6.1.1\spring-expression-6.1.1.jar;C:\Users\a0p09kj\.m2\repository\org\springframework\data\spring-data-commons\3.2.0\spring-data-commons-3.2.0.jar;C:\Users\a0p09kj\.m2\repository\org\springframework\boot\spring-boot-starter-web\3.2.0\spring-boot-starter-web-3.2.0.jar;C:\Users\a0p09kj\.m2\repository\org\springframework\boot\spring-boot-starter-json\3.2.0\spring-boot-starter-json-3.2.0.jar;C:\Users\a0p09kj\.m2\repository\com\fasterxml\jackson\datatype\jackson-datatype-jdk8\2.15.3\jackson-datatype-jdk8-2.15.3.jar;C:\Users\a0p09kj\.m2\repository\com\fasterxml\jackson\module\jackson-module-parameter-names\2.15.3\jackson-module-parameter-names-2.15.3.jar;C:\Users\a0p09kj\.m2\repository\org\springframework\spring-web\6.1.1\spring-web-6.1.1.jar;C:\Users\a0p09kj\.m2\repository\org\springframework\spring-webmvc\6.1.1\spring-webmvc-6.1.1.jar;C:\Users\a0p09kj\.m2\repository\org\springframework\spring-aop\6.1.1\spring-aop-6.1.1.jar;C:\Users\a0p09kj\.m2\repository\org\springframework\boot\spring-boot-starter-undertow\3.2.0\spring-boot-starter-undertow-3.2.0.jar;C:\Users\a0p09kj\.m2\repository\io\undertow\undertow-core\2.3.10.Final\undertow-core-2.3.10.Final.jar;C:\Users\a0p09kj\.m2\repository\org\jboss\logging\jboss-logging\3.5.3.Final\jboss-logging-3.5.3.Final.jar;C:\Users\a0p09kj\.m2\repository\org\jboss\xnio\xnio-api\3.8.8.Final\xnio-api-3.8.8.Final.jar;C:\Users\a0p09kj\.m2\repository\org\wildfly\common\wildfly-common\1.5.4.Final\wildfly-common-1.5.4.Final.jar;C:\Users\a0p09kj\.m2\repository\org\wildfly\client\wildfly-client-config\1.0.1.Final\wildfly-client-config-1.0.1.Final.jar;C:\Users\a0p09kj\.m2\repository\org\jboss\xnio\xnio-nio\3.8.8.Final\xnio-nio-3.8.8.Final.jar;C:\Users\a0p09kj\.m2\repository\org\jboss\threads\jboss-threads\3.5.0.Final\jboss-threads-3.5.0.Final.jar;C:\Users\a0p09kj\.m2\repository\io\undertow\undertow-servlet\2.3.10.Final\undertow-servlet-2.3.10.Final.jar;C:\Users\a0p09kj\.m2\repository\jakarta\servlet\jakarta.servlet-api\6.0.0\jakarta.servlet-api-6.0.0.jar;C:\Users\a0p09kj\.m2\repository\io\undertow\undertow-websockets-jsr\2.3.10.Final\undertow-websockets-jsr-2.3.10.Final.jar;C:\Users\a0p09kj\.m2\repository\jakarta\websocket\jakarta.websocket-api\2.1.1\jakarta.websocket-api-2.1.1.jar;C:\Users\a0p09kj\.m2\repository\jakarta\websocket\jakarta.websocket-client-api\2.1.1\jakarta.websocket-client-api-2.1.1.jar;C:\Users\a0p09kj\.m2\repository\org\apache\tomcat\embed\tomcat-embed-el\10.1.16\tomcat-embed-el-10.1.16.jar;C:\Users\a0p09kj\.m2\repository\org\springframework\boot\spring-boot-devtools\3.2.0\spring-boot-devtools-3.2.0.jar;C:\Users\a0p09kj\.m2\repository\org\springframework\boot\spring-boot\3.2.0\spring-boot-3.2.0.jar;C:\Users\a0p09kj\.m2\repository\org\springframework\boot\spring-boot-autoconfigure\3.2.0\spring-boot-autoconfigure-3.2.0.jar;C:\Users\a0p09kj\.m2\repository\org\projectlombok\lombok\1.18.22\lombok-1.18.22.jar;C:\Users\a0p09kj\.m2\repository\org\apache\commons\commons-lang3\3.13.0\commons-lang3-3.13.0.jar;C:\Users\a0p09kj\.m2\repository\de\flapdoodle\embed\de.flapdoodle.embed.mongo\3.4.3\de.flapdoodle.embed.mongo-3.4.3.jar;C:\Users\a0p09kj\.m2\repository\de\flapdoodle\embed\de.flapdoodle.embed.process\3.1.7\de.flapdoodle.embed.process-3.1.7.jar;C:\Users\a0p09kj\.m2\repository\de\flapdoodle\de.flapdoodle.os\1.1.5\de.flapdoodle.os-1.1.5.jar;C:\Users\a0p09kj\.m2\repository\org\apache\commons\commons-compress\1.21\commons-compress-1.21.jar;C:\Users\a0p09kj\.m2\repository\net\java\dev\jna\jna\5.10.0\jna-5.10.0.jar;C:\Users\a0p09kj\.m2\repository\net\java\dev\jna\jna-platform\5.10.0\jna-platform-5.10.0.jar;C:\Users\a0p09kj\.m2\repository\de\flapdoodle\embed\de.flapdoodle.embed.mongo.packageresolver\1.0.1\de.flapdoodle.embed.mongo.packageresolver-1.0.1.jar;C:\Users\a0p09kj\.m2\repository\junit\junit\4.12\junit-4.12.jar;C:\Users\a0p09kj\.m2\repository\org\hamcrest\hamcrest-core\2.2\hamcrest-core-2.2.jar;C:\Users\a0p09kj\.m2\repository\cz\jirutka\spring\embedmongo-spring\1.3.1\embedmongo-spring-1.3.1.jar;C:\Users\a0p09kj\.m2\repository\org\mongodb\mongo-java-driver\2.13.0\mongo-java-driver-2.13.0.jar;C:\Users\a0p09kj\.m2\repository\org\slf4j\slf4j-api\2.0.9\slf4j-api-2.0.9.jar;C:\Users\a0p09kj\.m2\repository\org\springframework\boot\spring-boot-starter-test\3.2.0\spring-boot-starter-test-3.2.0.jar;C:\Users\a0p09kj\.m2\repository\org\springframework\boot\spring-boot-test\3.2.0\spring-boot-test-3.2.0.jar;C:\Users\a0p09kj\.m2\repository\org\springframework\boot\spring-boot-test-autoconfigure\3.2.0\spring-boot-test-autoconfigure-3.2.0.jar;C:\Users\a0p09kj\.m2\repository\com\jayway\jsonpath\json-path\2.8.0\json-path-2.8.0.jar;C:\Users\a0p09kj\.m2\repository\jakarta\xml\bind\jakarta.xml.bind-api\4.0.1\jakarta.xml.bind-api-4.0.1.jar;C:\Users\a0p09kj\.m2\repository\jakarta\activation\jakarta.activation-api\2.1.2\jakarta.activation-api-2.1.2.jar;C:\Users\a0p09kj\.m2\repository\net\minidev\json-smart\2.5.0\json-smart-2.5.0.jar;C:\Users\a0p09kj\.m2\repository\net\minidev\accessors-smart\2.5.0\accessors-smart-2.5.0.jar;C:\Users\a0p09kj\.m2\repository\org\ow2\asm\asm\9.3\asm-9.3.jar;C:\Users\a0p09kj\.m2\repository\org\assertj\assertj-core\3.24.2\assertj-core-3.24.2.jar;C:\Users\a0p09kj\.m2\repository\net\bytebuddy\byte-buddy\1.14.10\byte-buddy-1.14.10.jar;C:\Users\a0p09kj\.m2\repository\org\awaitility\awaitility\4.2.0\awaitility-4.2.0.jar;C:\Users\a0p09kj\.m2\repository\org\hamcrest\hamcrest\2.2\hamcrest-2.2.jar;C:\Users\a0p09kj\.m2\repository\org\junit\jupiter\junit-jupiter\5.10.1\junit-jupiter-5.10.1.jar;C:\Users\a0p09kj\.m2\repository\org\junit\jupiter\junit-jupiter-api\5.10.1\junit-jupiter-api-5.10.1.jar;C:\Users\a0p09kj\.m2\repository\org\opentest4j\opentest4j\1.3.0\opentest4j-1.3.0.jar;C:\Users\a0p09kj\.m2\repository\org\junit\platform\junit-platform-commons\1.10.1\junit-platform-commons-1.10.1.jar;C:\Users\a0p09kj\.m2\repository\org\apiguardian\apiguardian-api\1.1.2\apiguardian-api-1.1.2.jar;C:\Users\a0p09kj\.m2\repository\org\junit\jupiter\junit-jupiter-params\5.10.1\junit-jupiter-params-5.10.1.jar;C:\Users\a0p09kj\.m2\repository\org\junit\jupiter\junit-jupiter-engine\5.10.1\junit-jupiter-engine-5.10.1.jar;C:\Users\a0p09kj\.m2\repository\org\junit\platform\junit-platform-engine\1.10.1\junit-platform-engine-1.10.1.jar;C:\Users\a0p09kj\.m2\repository\org\mockito\mockito-core\5.7.0\mockito-core-5.7.0.jar;C:\Users\a0p09kj\.m2\repository\net\bytebuddy\byte-buddy-agent\1.14.10\byte-buddy-agent-1.14.10.jar;C:\Users\a0p09kj\.m2\repository\org\objenesis\objenesis\3.3\objenesis-3.3.jar;C:\Users\a0p09kj\.m2\repository\org\mockito\mockito-junit-jupiter\5.7.0\mockito-junit-jupiter-5.7.0.jar;C:\Users\a0p09kj\.m2\repository\org\skyscreamer\jsonassert\1.5.1\jsonassert-1.5.1.jar;C:\Users\a0p09kj\.m2\repository\com\vaadin\external\google\android-json\0.0.20131108.vaadin1\android-json-0.0.20131108.vaadin1.jar;C:\Users\a0p09kj\.m2\repository\org\springframework\spring-core\6.1.1\spring-core-6.1.1.jar;C:\Users\a0p09kj\.m2\repository\org\springframework\spring-jcl\6.1.1\spring-jcl-6.1.1.jar;C:\Users\a0p09kj\.m2\repository\org\springframework\spring-test\6.1.1\spring-test-6.1.1.jar;C:\Users\a0p09kj\.m2\repository\org\xmlunit\xmlunit-core\2.9.1\xmlunit-core-2.9.1.jar;C:\Users\a0p09kj\.m2\repository\org\sonarsource\scanner\maven\sonar-maven-plugin\3.10.0.2594\sonar-maven-plugin-3.10.0.2594.jar;C:\Users\a0p09kj\.m2\repository\org\codehaus\plexus\plexus-sec-dispatcher\2.0\plexus-sec-dispatcher-2.0.jar;C:\Users\a0p09kj\.m2\repository\org\codehaus\plexus\plexus-utils\3.4.1\plexus-utils-3.4.1.jar;C:\Users\a0p09kj\.m2\repository\org\codehaus\plexus\plexus-cipher\2.0\plexus-cipher-2.0.jar;C:\Users\a0p09kj\.m2\repository\javax\inject\javax.inject\1\javax.inject-1.jar;C:\Users\a0p09kj\.m2\repository\org\sonarsource\scanner\api\sonar-scanner-api\2.16.3.1081\sonar-scanner-api-2.16.3.1081.jar;C:\Users\a0p09kj\.m2\repository\commons-lang\commons-lang\2.6\commons-lang-2.6.jar;C:\Users\a0p09kj\.m2\repository\org\springdoc\springdoc-openapi-starter-webmvc-ui\2.2.0\springdoc-openapi-starter-webmvc-ui-2.2.0.jar;C:\Users\a0p09kj\.m2\repository\org\springdoc\springdoc-openapi-starter-webmvc-api\2.2.0\springdoc-openapi-starter-webmvc-api-2.2.0.jar;C:\Users\a0p09kj\.m2\repository\org\springdoc\springdoc-openapi-starter-common\2.2.0\springdoc-openapi-starter-common-2.2.0.jar;C:\Users\a0p09kj\.m2\repository\io\swagger\core\v3\swagger-core-jakarta\2.2.15\swagger-core-jakarta-2.2.15.jar;C:\Users\a0p09kj\.m2\repository\io\swagger\core\v3\swagger-annotations-jakarta\2.2.15\swagger-annotations-jakarta-2.2.15.jar;C:\Users\a0p09kj\.m2\repository\io\swagger\core\v3\swagger-models-jakarta\2.2.15\swagger-models-jakarta-2.2.15.jar;C:\Users\a0p09kj\.m2\repository\jakarta\validation\jakarta.validation-api\3.0.2\jakarta.validation-api-3.0.2.jar;C:\Users\a0p09kj\.m2\repository\com\fasterxml\jackson\dataformat\jackson-dataformat-yaml\2.15.3\jackson-dataformat-yaml-2.15.3.jar;C:\Users\a0p09kj\.m2\repository\org\webjars\swagger-ui\5.2.0\swagger-ui-5.2.0.jar;"/>
    <property name="sun.cpu.endian" value="little"/>
    <property name="user.home" value="C:\Users\a0p09kj"/>
    <property name="user.language" value="en"/>
    <property name="java.specification.vendor" value="Oracle Corporation"/>
    <property name="java.version.date" value="2023-07-18"/>
    <property name="java.home" value="C:\Program Files\Java\jdk-17"/>
    <property name="file.separator" value="\"/>
    <property name="basedir" value="C:\Users\a0p09kj\Downloads\Wishlist\wishlist"/>
    <property name="java.vm.compressedOopsMode" value="Zero based"/>
    <property name="line.separator" value="&#10;"/>
    <property name="java.vm.specification.vendor" value="Oracle Corporation"/>
    <property name="java.specification.name" value="Java Platform API Specification"/>
    <property name="FILE_LOG_CHARSET" value="windows-1252"/>
    <property name="java.awt.headless" value="true"/>
    <property name="surefire.real.class.path" value="C:\Users\a0p09kj\AppData\Local\Temp\surefire3049258665687148325\surefirebooter-20231130105411697_3.jar"/>
    <property name="user.script" value=""/>
    <property name="sun.management.compiler" value="HotSpot 64-Bit Tiered Compilers"/>
    <property name="java.runtime.version" value="17.0.8+9-LTS-211"/>
    <property name="user.name" value="a0p09kj"/>
    <property name="path.separator" value=";"/>
    <property name="os.version" value="10.0"/>
    <property name="java.runtime.name" value="Java(TM) SE Runtime Environment"/>
    <property name="file.encoding" value="Cp1252"/>
    <property name="java.vm.name" value="Java HotSpot(TM) 64-Bit Server VM"/>
    <property name="localRepository" value="C:\Users\a0p09kj\.m2\repository"/>
    <property name="java.vendor.url.bug" value="https://bugreport.java.com/bugreport/"/>
    <property name="java.io.tmpdir" value="C:\Users\a0p09kj\AppData\Local\Temp\"/>
    <property name="java.version" value="17.0.8"/>
    <property name="user.dir" value="C:\Users\a0p09kj\Downloads\Wishlist\wishlist"/>
    <property name="os.arch" value="amd64"/>
    <property name="java.vm.specification.name" value="Java Virtual Machine Specification"/>
    <property name="PID" value="29876"/>
    <property name="sun.os.patch.level" value=""/>
    <property name="CONSOLE_LOG_CHARSET" value="windows-1252"/>
    <property name="native.encoding" value="Cp1252"/>
    <property name="java.library.path" value="C:\Program Files\Java\jdk-17\bin;C:\WINDOWS\Sun\Java\bin;C:\WINDOWS\system32;C:\WINDOWS;C:\Program Files\Common Files\Oracle\Java\javapath;C:\Program Files\Zulu\zulu-8\bin\;C:\Program Files\IcedTeaWeb\WebStart\bin;C:\Windows\system32;C:\Windows;C:\Windows\System32\Wbem;C:\Windows\System32\WindowsPowerShell\v1.0\;C:\Windows\System32\OpenSSH\;C:\Windows\system32\config\systemprofile\AppData\Local\Microsoft\WindowsApps;C:\Program Files (x86)\Adaptiva\AdaptivaClient\bin\x32;C:\Program Files (x86)\Adaptiva\AdaptivaClient\bin\x64;C:\WINDOWS\system32;C:\WINDOWS;C:\WINDOWS\System32\Wbem;C:\WINDOWS\System32\WindowsPowerShell\v1.0\;C:\WINDOWS\System32\OpenSSH\;C:\Program Files\Java\jdk-17\bin;C:\Program Files\Maven\apache-maven-3.9.2-bin\apache-maven-3.9.2\bin;C:\Program Files\Microsoft SQL Server\150\Tools\Binn\;C:\softwares\kafka_2.13-3.5.1\bin\windows;C:\Program Files\MongoDB\mongosh-1.10.6-win32-x64\bin;C:\Program Files\MongoDB\Server\7.0\bin;C:\opscode\inspec\bin\;C:\Program Files (x86)\Reflection\;C:\Program Files\Docker\Docker\resources\bin;C:\minikube;C:\Users\a0p09kj\AppData\Local\Microsoft\WindowsApps;C:\Users\a0p09kj\AppData\Local\Programs\Git\cmd;C:\Users\a0p09kj\AppData\Local\Programs\Microsoft VS Code\bin;C:\Users\a0p09kj\AppData\Local\JetBrains\IntelliJ IDEA 2023.2.2\bin;;C:\Users\a0p09kj\AppData\Local\Programs\Git LFS;."/>
    <property name="java.vm.info" value="mixed mode, sharing"/>
    <property name="java.vendor" value="Oracle Corporation"/>
    <property name="java.vm.version" value="17.0.8+9-LTS-211"/>
    <property name="sun.io.unicode.encoding" value="UnicodeLittle"/>
    <property name="java.class.version" value="61.0"/>
  </properties>
  <testcase name="contextLoads" classname="com.walmart.wishlist.WishlistApplicationTests" time="1.558">
    <system-out><![CDATA[10:54:13.193 [main] INFO org.springframework.test.context.support.AnnotationConfigContextLoaderUtils -- Could not detect default configuration classes for test class [com.walmart.wishlist.WishlistApplicationTests]: WishlistApplicationTests does not declare any static, non-private, non-final, nested classes annotated with @Configuration.
10:54:13.381 [main] INFO org.springframework.boot.test.context.SpringBootTestContextBootstrapper -- Found @SpringBootConfiguration com.walmart.wishlist.WishlistApplication for test class com.walmart.wishlist.WishlistApplicationTests
10:54:13.708 [main] INFO org.springframework.boot.devtools.restart.RestartApplicationListener -- Restart disabled due to context in which it is running

  .   ____          _            __ _ _
 /\\ / ___'_ __ _ _(_)_ __  __ _ \ \ \ \
( ( )\___ | '_ | '_| | '_ \/ _` | \ \ \ \
 \\/  ___)| |_)| | | | | || (_| |  ) ) ) )
  '  |____| .__|_| |_|_| |_\__, | / / / /
 =========|_|==============|___/=/_/_/_/
 :: Spring Boot ::                (v3.2.0)

2023-11-30T10:54:14.149+05:30  INFO 29876 --- [           main] c.w.wishlist.WishlistApplicationTests    : Starting WishlistApplicationTests using Java 17.0.8 with PID 29876 (started by a0p09kj in C:\Users\a0p09kj\Downloads\Wishlist\wishlist)
2023-11-30T10:54:14.151+05:30  INFO 29876 --- [           main] c.w.wishlist.WishlistApplicationTests    : No active profile set, falling back to 1 default profile: "default"
2023-11-30T10:54:15.893+05:30  INFO 29876 --- [           main] .s.d.r.c.RepositoryConfigurationDelegate : Bootstrapping Spring Data MongoDB repositories in DEFAULT mode.
2023-11-30T10:54:15.985+05:30  INFO 29876 --- [           main] .s.d.r.c.RepositoryConfigurationDelegate : Finished Spring Data repository scanning in 83 ms. Found 2 MongoDB repository interfaces.
2023-11-30T10:54:17.244+05:30  INFO 29876 --- [           main] org.mongodb.driver.client                : MongoClient with metadata {"driver": {"name": "mongo-java-driver|sync|spring-boot", "version": "4.11.1"}, "os": {"type": "Windows", "name": "Windows 11", "architecture": "amd64", "version": "10.0"}, "platform": "Java/Oracle Corporation/17.0.8+9-LTS-211"} created with settings MongoClientSettings{readPreference=primary, writeConcern=WriteConcern{w=majority, wTimeout=null ms, journal=null}, retryWrites=true, retryReads=true, readConcern=ReadConcern{level=null}, credential=MongoCredential{mechanism=null, userName='arunbalaji5005', source='admin', password=<hidden>, mechanismProperties=<hidden>}, transportSettings=null, streamFactoryFactory=null, commandListeners=[io.micrometer.core.instrument.binder.mongodb.MongoMetricsCommandListener@7d30007d], codecRegistry=ProvidersCodecRegistry{codecProviders=[ValueCodecProvider{}, BsonValueCodecProvider{}, DBRefCodecProvider{}, DBObjectCodecProvider{}, DocumentCodecProvider{}, CollectionCodecProvider{}, IterableCodecProvider{}, MapCodecProvider{}, GeoJsonCodecProvider{}, GridFSFileCodecProvider{}, Jsr310CodecProvider{}, JsonObjectCodecProvider{}, BsonCodecProvider{}, EnumCodecProvider{}, com.mongodb.client.model.mql.ExpressionCodecProvider@382d71c7, com.mongodb.Jep395RecordCodecProvider@2ca54da9, com.mongodb.KotlinCodecProvider@34a20f16]}, loggerSettings=LoggerSettings{maxDocumentLength=1000}, clusterSettings={hosts=[127.0.0.1:27017], srvHost=cluster0.g4gimeb.mongodb.net, srvServiceName=mongodb, mode=MULTIPLE, requiredClusterType=REPLICA_SET, requiredReplicaSetName='atlas-wdvewl-shard-0', serverSelector='null', clusterListeners='[]', serverSelectionTimeout='30000 ms', localThreshold='15 ms'}, socketSettings=SocketSettings{connectTimeoutMS=10000, readTimeoutMS=0, receiveBufferSize=0, proxySettings=ProxySettings{host=null, port=null, username=null, password=null}}, heartbeatSocketSettings=SocketSettings{connectTimeoutMS=10000, readTimeoutMS=10000, receiveBufferSize=0, proxySettings=ProxySettings{host=null, port=null, username=null, password=null}}, connectionPoolSettings=ConnectionPoolSettings{maxSize=100, minSize=0, maxWaitTimeMS=120000, maxConnectionLifeTimeMS=0, maxConnectionIdleTimeMS=0, maintenanceInitialDelayMS=0, maintenanceFrequencyMS=60000, connectionPoolListeners=[io.micrometer.core.instrument.binder.mongodb.MongoMetricsConnectionPoolListener@496cc217], maxConnecting=2}, serverSettings=ServerSettings{heartbeatFrequencyMS=10000, minHeartbeatFrequencyMS=500, serverListeners='[]', serverMonitorListeners='[]'}, sslSettings=SslSettings{enabled=true, invalidHostNameAllowed=false, context=null}, applicationName='null', compressorList=[], uuidRepresentation=JAVA_LEGACY, serverApi=null, autoEncryptionSettings=null, dnsClient=null, inetAddressResolver=null, contextProvider=null}
2023-11-30T10:54:17.249+05:30  INFO 29876 --- [meb.mongodb.net] org.mongodb.driver.cluster               : Adding discovered server ac-kz6jkjd-shard-00-01.g4gimeb.mongodb.net:27017 to client view of cluster
2023-11-30T10:54:17.305+05:30  INFO 29876 --- [meb.mongodb.net] org.mongodb.driver.cluster               : Adding discovered server ac-kz6jkjd-shard-00-02.g4gimeb.mongodb.net:27017 to client view of cluster
2023-11-30T10:54:17.308+05:30  INFO 29876 --- [meb.mongodb.net] org.mongodb.driver.cluster               : Adding discovered server ac-kz6jkjd-shard-00-00.g4gimeb.mongodb.net:27017 to client view of cluster
2023-11-30T10:54:18.161+05:30  INFO 29876 --- [ngodb.net:27017] org.mongodb.driver.cluster               : Monitor thread successfully connected to server with description ServerDescription{address=ac-kz6jkjd-shard-00-02.g4gimeb.mongodb.net:27017, type=REPLICA_SET_SECONDARY, state=CONNECTED, ok=true, minWireVersion=0, maxWireVersion=17, maxDocumentSize=16777216, logicalSessionTimeoutMinutes=30, roundTripTimeNanos=391140899, setName='atlas-wdvewl-shard-0', canonicalAddress=ac-kz6jkjd-shard-00-02.g4gimeb.mongodb.net:27017, hosts=[ac-kz6jkjd-shard-00-00.g4gimeb.mongodb.net:27017, ac-kz6jkjd-shard-00-01.g4gimeb.mongodb.net:27017, ac-kz6jkjd-shard-00-02.g4gimeb.mongodb.net:27017], passives=[], arbiters=[], primary='ac-kz6jkjd-shard-00-01.g4gimeb.mongodb.net:27017', tagSet=TagSet{[Tag{name='availabilityZone', value='3'}, Tag{name='nodeType', value='ELECTABLE'}, Tag{name='provider', value='AZURE'}, Tag{name='region', value='INDIA_CENTRAL'}, Tag{name='workloadType', value='OPERATIONAL'}]}, electionId=null, setVersion=2, topologyVersion=TopologyVersion{processId=6566571cdf9e11314a4c6705, counter=3}, lastWriteDate=Thu Nov 30 10:54:18 IST 2023, lastUpdateTimeNanos=281210699307799}
2023-11-30T10:54:18.161+05:30  INFO 29876 --- [ngodb.net:27017] org.mongodb.driver.cluster               : Monitor thread successfully connected to server with description ServerDescription{address=ac-kz6jkjd-shard-00-00.g4gimeb.mongodb.net:27017, type=REPLICA_SET_SECONDARY, state=CONNECTED, ok=true, minWireVersion=0, maxWireVersion=17, maxDocumentSize=16777216, logicalSessionTimeoutMinutes=30, roundTripTimeNanos=396205801, setName='atlas-wdvewl-shard-0', canonicalAddress=ac-kz6jkjd-shard-00-00.g4gimeb.mongodb.net:27017, hosts=[ac-kz6jkjd-shard-00-00.g4gimeb.mongodb.net:27017, ac-kz6jkjd-shard-00-01.g4gimeb.mongodb.net:27017, ac-kz6jkjd-shard-00-02.g4gimeb.mongodb.net:27017], passives=[], arbiters=[], primary='ac-kz6jkjd-shard-00-01.g4gimeb.mongodb.net:27017', tagSet=TagSet{[Tag{name='availabilityZone', value='1'}, Tag{name='nodeType', value='ELECTABLE'}, Tag{name='provider', value='AZURE'}, Tag{name='region', value='INDIA_CENTRAL'}, Tag{name='workloadType', value='OPERATIONAL'}]}, electionId=null, setVersion=2, topologyVersion=TopologyVersion{processId=65665674213401bb574fa21c, counter=4}, lastWriteDate=Thu Nov 30 10:54:18 IST 2023, lastUpdateTimeNanos=281210699307699}
2023-11-30T10:54:18.204+05:30  INFO 29876 --- [ngodb.net:27017] org.mongodb.driver.cluster               : Monitor thread successfully connected to server with description ServerDescription{address=ac-kz6jkjd-shard-00-01.g4gimeb.mongodb.net:27017, type=REPLICA_SET_PRIMARY, state=CONNECTED, ok=true, minWireVersion=0, maxWireVersion=17, maxDocumentSize=16777216, logicalSessionTimeoutMinutes=30, roundTripTimeNanos=449048400, setName='atlas-wdvewl-shard-0', canonicalAddress=ac-kz6jkjd-shard-00-01.g4gimeb.mongodb.net:27017, hosts=[ac-kz6jkjd-shard-00-00.g4gimeb.mongodb.net:27017, ac-kz6jkjd-shard-00-01.g4gimeb.mongodb.net:27017, ac-kz6jkjd-shard-00-02.g4gimeb.mongodb.net:27017], passives=[], arbiters=[], primary='ac-kz6jkjd-shard-00-01.g4gimeb.mongodb.net:27017', tagSet=TagSet{[Tag{name='availabilityZone', value='2'}, Tag{name='nodeType', value='ELECTABLE'}, Tag{name='provider', value='AZURE'}, Tag{name='region', value='INDIA_CENTRAL'}, Tag{name='workloadType', value='OPERATIONAL'}]}, electionId=7fffffff000000000000003b, setVersion=2, topologyVersion=TopologyVersion{processId=656656c7ea1efbd532d80bac, counter=6}, lastWriteDate=Thu Nov 30 10:54:18 IST 2023, lastUpdateTimeNanos=281210757552300}
2023-11-30T10:54:18.205+05:30  INFO 29876 --- [ngodb.net:27017] org.mongodb.driver.cluster               : Discovered replica set primary ac-kz6jkjd-shard-00-01.g4gimeb.mongodb.net:27017 with max election id 7fffffff000000000000003b and max set version 2
2023-11-30T10:54:19.343+05:30  INFO 29876 --- [           main] o.s.b.a.e.web.EndpointLinksResolver      : Exposing 1 endpoint(s) beneath base path '/actuator'
2023-11-30T10:54:19.452+05:30  INFO 29876 --- [           main] c.w.wishlist.WishlistApplicationTests    : Started WishlistApplicationTests in 5.765 seconds (process running for 7.473)
]]></system-out>
  </testcase>
</testsuite>